Build started 5/18/2016 12:06:27 AM.
     1>Project "C:\Users\Sean Coffey\Documents\DSAEngine\spc7194Engine\spc7194Engine.vcxproj" on node 2 (Build target(s)).
     1>ClCompile:
         C:\Program Files (x86)\Microsoft Visual Studio 14.0\VC\bin\CL.exe /c /ZI /nologo /W3 /WX- /sdl /Od /Oy- /D WIN32 /D _DEBUG /D _CONSOLE /D _UNICODE /D UNICODE /Gm /EHsc /RTC1 /MDd /GS /fp:precise /Zc:wchar_t /Zc:forScope /Zc:inline /Fo"Debug\\" /Fd"Debug\vc140.pdb" /Gd /TP /analyze- /errorReport:prompt Camera.cpp Engine.cpp Main.cpp
         Engine.cpp
     1>c:\users\sean coffey\documents\dsaengine\spc7194engine\engine.cpp(9): warning C4800: 'int': forcing value to bool 'true' or 'false' (performance warning)
     1>c:\users\sean coffey\documents\dsaengine\spc7194engine\engine.cpp(15): warning C4800: 'int': forcing value to bool 'true' or 'false' (performance warning)
     1>c:\users\sean coffey\documents\dsaengine\spc7194engine\engine.cpp(22): warning C4316: 'GameObject': object allocated on the heap may not be aligned 16
     1>c:\users\sean coffey\documents\dsaengine\spc7194engine\engine.cpp(26): warning C4316: 'GameObject': object allocated on the heap may not be aligned 16
     1>c:\users\sean coffey\documents\dsaengine\spc7194engine\engine.cpp(69): warning C4316: 'Camera': object allocated on the heap may not be aligned 16
     1>c:\users\sean coffey\documents\dsaengine\spc7194engine\engine.cpp(91): warning C4018: '<': signed/unsigned mismatch
     1>c:\users\sean coffey\documents\dsaengine\spc7194engine\engine.cpp(130): warning C4316: 'GameObject': object allocated on the heap may not be aligned 16
     1>c:\users\sean coffey\documents\dsaengine\spc7194engine\engine.cpp(162): warning C4018: '<': signed/unsigned mismatch
     1>c:\users\sean coffey\documents\dsaengine\spc7194engine\engine.cpp(166): warning C4244: 'argument': conversion from 'double' to 'float', possible loss of data
     1>c:\users\sean coffey\documents\dsaengine\spc7194engine\engine.cpp(183): warning C4244: 'argument': conversion from 'double' to 'float', possible loss of data
     1>c:\users\sean coffey\documents\dsaengine\spc7194engine\engine.cpp(195): warning C4018: '<': signed/unsigned mismatch
     1>c:\users\sean coffey\documents\dsaengine\spc7194engine\engine.cpp(220): warning C4018: '<': signed/unsigned mismatch
     1>c:\users\sean coffey\documents\dsaengine\spc7194engine\engine.cpp(222): warning C4018: '<': signed/unsigned mismatch
     1>c:\users\sean coffey\documents\dsaengine\spc7194engine\engine.cpp(240): warning C4018: '<': signed/unsigned mismatch
     1>c:\users\sean coffey\documents\dsaengine\spc7194engine\engine.cpp(247): warning C4018: '<': signed/unsigned mismatch
     1>c:\users\sean coffey\documents\dsaengine\spc7194engine\engine.cpp(254): warning C4018: '<': signed/unsigned mismatch
     1>c:\users\sean coffey\documents\dsaengine\spc7194engine\engine.cpp(271): warning C4316: 'GameObject': object allocated on the heap may not be aligned 16
         Generating Code...
         Skipping... (no relevant changes detected)
         Camera.cpp
         Main.cpp
       Link:
         C:\Program Files (x86)\Microsoft Visual Studio 14.0\VC\bin\link.exe /ERRORREPORT:PROMPT /OUT:"C:\Users\Sean Coffey\Documents\DSAEngine\Debug\spc7194Engine.exe" /INCREMENTAL /NOLOGO glew32.lib glfw3.lib opengl32.lib FreeImage.lib kernel32.lib user32.lib gdi32.lib winspool.lib comdlg32.lib advapi32.lib shell32.lib ole32.lib oleaut32.lib uuid.lib odbc32.lib odbccp32.lib /MANIFEST /MANIFESTUAC:"level='asInvoker' uiAccess='false'" /manifest:embed /Debug /PDB:"C:\Users\Sean Coffey\Documents\DSAEngine\Debug\spc7194Engine.pdb" /SUBSYSTEM:CONSOLE /TLBID:1 /DYNAMICBASE /NXCOMPAT /IMPLIB:"C:\Users\Sean Coffey\Documents\DSAEngine\Debug\spc7194Engine.lib" /MACHINE:X86 Debug\Camera.obj
         Debug\Engine.obj
         Debug\GameObject.obj
         Debug\Main.obj
         Debug\Model.obj
         Debug\ShaderManager.obj
         spc7194Engine.vcxproj -> C:\Users\Sean Coffey\Documents\DSAEngine\Debug\spc7194Engine.exe
     1>Done Building Project "C:\Users\Sean Coffey\Documents\DSAEngine\spc7194Engine\spc7194Engine.vcxproj" (Build target(s)).

Build succeeded.

Time Elapsed 00:00:00.90
